C51 COMPILER V9.60.0.0   DISPLAYPROG                                                       06/20/2022 15:15:43 PAGE 1   


C51 COMPILER V9.60.0.0, COMPILATION OF MODULE DISPLAYPROG
OBJECT MODULE PLACED IN .\Objects\displayprog.obj
COMPILER INVOKED BY: C:\Keil_v5\C51\BIN\C51.EXE displayprog.c OPTIMIZE(8,SPEED) BROWSE DEBUG OBJECTEXTEND PRINT(.\Listin
                    -gs\displayprog.lst) TABS(2) OBJECT(.\Objects\displayprog.obj)

line level    source

   1          #include<reg51.h>
   2          sbit rs=P3^0;
   3          sbit rw=P3^1;
   4          sbit en=P3^2;
   5          void lcdcmd(unsigned char);
   6          void lcddata(unsigned char);
   7          void delay();
   8          void main ()
   9          {
  10   1      P2=0x00;
  11   1      while (1)
  12   1      {
  13   2      lcdcmd(0x38);
  14   2      delay();
  15   2      lcdcmd(0x01);
  16   2      delay();
  17   2      lcdcmd(0x0C);
  18   2      delay();
  19   2      lcdcmd(0x81);
  20   2      delay();
  21   2        
  22   2      lcddata('M');
  23   2      delay();
  24   2        lcddata('d');
  25   2      delay();
  26   2      
  27   2        lcddata(' ');
  28   2      delay();
  29   2      lcddata('A');
  30   2      delay();
  31   2      lcddata('b');
  32   2      delay();
  33   2      lcddata('d');
  34   2      delay();
  35   2      lcddata('u');
  36   2      delay();
  37   2      lcddata('r');
  38   2      delay();
  39   2      lcddata(' ');
  40   2      delay();
  41   2      lcddata('R');
  42   2      delay();
  43   2      lcddata('a');
  44   2      delay();
  45   2      lcddata('h');
  46   2      delay();
  47   2      lcddata('m');
  48   2      delay();
  49   2      lcddata('a');
  50   2      delay();
  51   2      lcddata('n');
  52   2      delay();
  53   2      
  54   2      
C51 COMPILER V9.60.0.0   DISPLAYPROG                                                       06/20/2022 15:15:43 PAGE 2   

  55   2      
  56   2      
  57   2      }
  58   1      
  59   1      }
  60          void lcdcmd(unsigned char val)
  61          {
  62   1      P2=val;
  63   1        rs=0;
  64   1        rw=0;
  65   1        en=1;
  66   1        delay();
  67   1        en=0; 
  68   1      
  69   1      }
  70          
  71          void lcddata(unsigned char val)
  72          {
  73   1      P2=val;
  74   1        rs=1;
  75   1        rw=0;
  76   1        en=1;
  77   1        delay();
  78   1        en=0; 
  79   1      
  80   1      }
  81          
  82          void delay ()
  83          {
  84   1      unsigned int i;
  85   1       for(i=0; i<6000;i++);
  86   1      
  87   1      }


MODULE INFORMATION:   STATIC OVERLAYABLE
   CODE SIZE        =    201    ----
   CONSTANT SIZE    =   ----    ----
   XDATA SIZE       =   ----    ----
   PDATA SIZE       =   ----    ----
   DATA SIZE        =   ----    ----
   IDATA SIZE       =   ----    ----
   BIT SIZE         =   ----    ----
END OF MODULE INFORMATION.


C51 COMPILATION COMPLETE.  0 WARNING(S),  0 ERROR(S)
